Start testing: Nov 07 00:03 PST
----------------------------------------------------------
3/3 Testing: push_pop_stack_test
3/3 Test: push_pop_stack_test
Command: "/home/sanjar/UW/LeetCode/build/strings/02_target_n_PushPop_stack/push_pop_stack_test"
Directory: /home/sanjar/UW/LeetCode/build/strings/02_target_n_PushPop_stack
"push_pop_stack_test" start time: Nov 07 00:03 PST
Output:
----------------------------------------------------------
[==========] Running 4 tests from 1 test suite.
[----------] Global test environment set-up.
[----------] 4 tests from BuildArrayTest
[ RUN      ] BuildArrayTest.Push
[       OK ] BuildArrayTest.Push (0 ms)
[ RUN      ] BuildArrayTest.PushPush
[       OK ] BuildArrayTest.PushPush (0 ms)
[ RUN      ] BuildArrayTest.PushPushPopPush
[       OK ] BuildArrayTest.PushPushPopPush (0 ms)
[ RUN      ] BuildArrayTest.PushPopPush
[       OK ] BuildArrayTest.PushPopPush (0 ms)
[----------] 4 tests from BuildArrayTest (0 ms total)

[----------] Global test environment tear-down
[==========] 4 tests from 1 test suite ran. (0 ms total)
[  PASSED  ] 4 tests.
<end of output>
Test time =   0.00 sec
----------------------------------------------------------
Test Passed.
"push_pop_stack_test" end time: Nov 07 00:03 PST
"push_pop_stack_test" time elapsed: 00:00:00
----------------------------------------------------------

End testing: Nov 07 00:03 PST
