Start testing: Nov 07 21:07 PST
----------------------------------------------------------
2/4 Testing: test_max_monster_eliminated
2/4 Test: test_max_monster_eliminated
Command: "/home/sanjar/UW/LeetCode/build/arrays/02_max_monster_eliminated/test_max_monster_eliminated"
Directory: /home/sanjar/UW/LeetCode/build/arrays/02_max_monster_eliminated
"test_max_monster_eliminated" start time: Nov 07 21:07 PST
Output:
----------------------------------------------------------
[==========] Running 3 tests from 1 test suite.
[----------] Global test environment set-up.
[----------] 3 tests from TestMaxMonsterEliminated
[ RUN      ] TestMaxMonsterEliminated.test1_LowSpeed_LongDistance
[       OK ] TestMaxMonsterEliminated.test1_LowSpeed_LongDistance (0 ms)
[ RUN      ] TestMaxMonsterEliminated.test2_LowSpeed_ShortDistance
[       OK ] TestMaxMonsterEliminated.test2_LowSpeed_ShortDistance (0 ms)
[ RUN      ] TestMaxMonsterEliminated.test3_HighSpeed_ShortDistance
[       OK ] TestMaxMonsterEliminated.test3_HighSpeed_ShortDistance (0 ms)
[----------] 3 tests from TestMaxMonsterEliminated (0 ms total)

[----------] Global test environment tear-down
[==========] 3 tests from 1 test suite ran. (0 ms total)
[  PASSED  ] 3 tests.

Test Time Results:

test1_LowSpeed_LongDistance                                 time: 2.29e-05 s
test2_LowSpeed_ShortDistance                                time: 2.94e-06 s
test3_HighSpeed_ShortDistance                               time: 2.65e-06 s

<end of output>
Test time =   0.00 sec
----------------------------------------------------------
Test Passed.
"test_max_monster_eliminated" end time: Nov 07 21:07 PST
"test_max_monster_eliminated" time elapsed: 00:00:00
----------------------------------------------------------

End testing: Nov 07 21:07 PST
