Start testing: Nov 14 13:16 PST
----------------------------------------------------------
10/10 Testing: test_sort_vowels
10/10 Test: test_sort_vowels
Command: "/home/sanjar/UW/LeetCode/build/strings/04_sort_vowels/test_sort_vowels"
Directory: /home/sanjar/UW/LeetCode/build/strings/04_sort_vowels
"test_sort_vowels" start time: Nov 14 13:16 PST
Output:
----------------------------------------------------------
[==========] Running 2 tests from 1 test suite.
[----------] Global test environment set-up.
[----------] 2 tests from TestSortVowels
[ RUN      ] TestSortVowels.test1_lEetcOde
[       OK ] TestSortVowels.test1_lEetcOde (0 ms)
[ RUN      ] TestSortVowels.test2_lYmpH
[       OK ] TestSortVowels.test2_lYmpH (0 ms)
[----------] 2 tests from TestSortVowels (0 ms total)

[----------] Global test environment tear-down
[==========] 2 tests from 1 test suite ran. (0 ms total)
[  PASSED  ] 2 tests.

Test Time Results:

test1_lEetcOde                                              time: 2.52e-05 s
test2_lYmpH                                                 time: 2.06e-06 s

<end of output>
Test time =   0.00 sec
----------------------------------------------------------
Test Passed.
"test_sort_vowels" end time: Nov 14 13:16 PST
"test_sort_vowels" time elapsed: 00:00:00
----------------------------------------------------------

End testing: Nov 14 13:16 PST
