Start testing: Nov 16 19:00 PST
----------------------------------------------------------
13/13 Testing: test_palindrome
13/13 Test: test_palindrome
Command: "/home/sanjar/UW/LeetCode/build/strings/06_palindrome/test_palindrome"
Directory: /home/sanjar/UW/LeetCode/build/strings/06_palindrome
"test_palindrome" start time: Nov 16 19:00 PST
Output:
----------------------------------------------------------
[==========] Running 3 tests from 1 test suite.
[----------] Global test environment set-up.
[----------] 3 tests from TestPalindrome
[ RUN      ] TestPalindrome.test1_121
[       OK ] TestPalindrome.test1_121 (0 ms)
[ RUN      ] TestPalindrome.test2_n121
[       OK ] TestPalindrome.test2_n121 (0 ms)
[ RUN      ] TestPalindrome.test3_10
[       OK ] TestPalindrome.test3_10 (0 ms)
[----------] 3 tests from TestPalindrome (0 ms total)

[----------] Global test environment tear-down
[==========] 3 tests from 1 test suite ran. (0 ms total)
[  PASSED  ] 3 tests.

Test Time Results:

test1_121                                                   time: 1.85e-05 s
test2_n121                                                  time: 1.10e-06 s
test3_10                                                    time: 1.03e-06 s

<end of output>
Test time =   0.00 sec
----------------------------------------------------------
Test Passed.
"test_palindrome" end time: Nov 16 19:00 PST
"test_palindrome" time elapsed: 00:00:00
----------------------------------------------------------

End testing: Nov 16 19:00 PST
