Start testing: Nov 15 23:37 PST
----------------------------------------------------------
11/11 Testing: test_bulls_n_cows
11/11 Test: test_bulls_n_cows
Command: "/home/sanjar/UW/LeetCode/build/strings/05_bulls_n_cows/test_bulls_n_cows"
Directory: /home/sanjar/UW/LeetCode/build/strings/05_bulls_n_cows
"test_bulls_n_cows" start time: Nov 15 23:37 PST
Output:
----------------------------------------------------------
[==========] Running 2 tests from 1 test suite.
[----------] Global test environment set-up.
[----------] 2 tests from TestBullsAndCows
[ RUN      ] TestBullsAndCows.test1_1A3B
[       OK ] TestBullsAndCows.test1_1A3B (0 ms)
[ RUN      ] TestBullsAndCows.test2_1A1B
[       OK ] TestBullsAndCows.test2_1A1B (0 ms)
[----------] 2 tests from TestBullsAndCows (0 ms total)

[----------] Global test environment tear-down
[==========] 2 tests from 1 test suite ran. (0 ms total)
[  PASSED  ] 2 tests.

Test Time Results:

test1_1A3B                                                  time: 3.04e-05 s
test2_1A1B                                                  time: 5.74e-06 s

<end of output>
Test time =   0.00 sec
----------------------------------------------------------
Test Passed.
"test_bulls_n_cows" end time: Nov 15 23:37 PST
"test_bulls_n_cows" time elapsed: 00:00:00
----------------------------------------------------------

End testing: Nov 15 23:37 PST
